# JRE version: Java(TM) SE Runtime Environment (13.0.2+8) (build 13.0.2+8)
# Java VM: Java HotSpot(TM) 64-Bit Server VM (13.0.2+8, mixed mode, sharing, tiered, compressed oops, g1 gc, windows-amd64)
Heap:
 garbage-first heap   total 393216K, used 3390K [0x0000000601400000, 0x0000000800000000)
  region size 2048K, 1 young (2048K), 1 survivors (2048K)
 Metaspace       used 2836K, capacity 4923K, committed 5120K, reserved 1056768K
  class space    used 255K, capacity 447K, committed 512K, reserved 1048576K
GC Heap History (20 events):
Event: 137.979 GC heap after
{Heap after GC invocations=2023 (full 0):
 garbage-first heap   total 122880K, used 3390K [0x0000000601400000, 0x0000000800000000)
  region size 2048K, 1 young (2048K), 1 survivors (2048K)
 Metaspace       used 2836K, capacity 4923K, committed 5120K, reserved 1056768K
  class space    used 255K, capacity 447K, committed 512K, reserved 1048576K
}
Event: 137.988 GC heap before
{Heap before GC invocations=2024 (full 0):
 garbage-first heap   total 122880K, used 52542K [0x0000000601400000, 0x0000000800000000)
  region size 2048K, 2 young (4096K), 1 survivors (2048K)
 Metaspace       used 2836K, capacity 4923K, committed 5120K, reserved 1056768K
  class space    used 255K, capacity 447K, committed 512K, reserved 1048576K
}
Event: 137.989 GC heap after
{Heap after GC invocations=2025 (full 0):
 garbage-first heap   total 122880K, used 3390K [0x0000000601400000, 0x0000000800000000)
  region size 2048K, 1 young (2048K), 1 survivors (2048K)
 Metaspace       used 2836K, capacity 4923K, committed 5120K, reserved 1056768K
  class space    used 255K, capacity 447K, committed 512K, reserved 1048576K
}
Event: 137.997 GC heap before
{Heap before GC invocations=2026 (full 0):
 garbage-first heap   total 116736K, used 50494K [0x0000000601400000, 0x0000000800000000)
  region size 2048K, 2 young (4096K), 1 survivors (2048K)
 Metaspace       used 2836K, capacity 4923K, committed 5120K, reserved 1056768K
  class space    used 255K, capacity 447K, committed 512K, reserved 1048576K
}
Event: 138.028 GC heap after
{Heap after GC invocations=2027 (full 0):
 garbage-first heap   total 321536K, used 5438K [0x0000000601400000, 0x0000000800000000)
  region size 2048K, 1 young (2048K), 1 survivors (2048K)
 Metaspace       used 2836K, capacity 4923K, committed 5120K, reserved 1056768K
  class space    used 255K, capacity 447K, committed 512K, reserved 1048576K
}
Event: 138.036 GC heap before
{Heap before GC invocations=2028 (full 0):
 garbage-first heap   total 172032K, used 75070K [0x0000000601400000, 0x0000000800000000)
  region size 2048K, 2 young (4096K), 1 survivors (2048K)
 Metaspace       used 2836K, capacity 4923K, committed 5120K, reserved 1056768K
  class space    used 255K, capacity 447K, committed 512K, reserved 1048576K
}
Event: 138.036 GC heap after
{Heap after GC invocations=2029 (full 0):
 garbage-first heap   total 172032K, used 5438K [0x0000000601400000, 0x0000000800000000)
  region size 2048K, 1 young (2048K), 1 survivors (2048K)
 Metaspace       used 2836K, capacity 4923K, committed 5120K, reserved 1056768K
  class space    used 255K, capacity 447K, committed 512K, reserved 1048576K
}
Event: 138.045 GC heap before
{Heap before GC invocations=2030 (full 0):
 garbage-first heap   total 157696K, used 68926K [0x0000000601400000, 0x0000000800000000)
  region size 2048K, 2 young (4096K), 1 survivors (2048K)
 Metaspace       used 2836K, capacity 4923K, committed 5120K, reserved 1056768K
  class space    used 255K, capacity 447K, committed 512K, reserved 1048576K
}
Event: 138.046 GC heap after
{Heap after GC invocations=2031 (full 0):
 garbage-first heap   total 157696K, used 3390K [0x0000000601400000, 0x0000000800000000)
  region size 2048K, 1 young (2048K), 1 survivors (2048K)
 Metaspace       used 2836K, capacity 4923K, committed 5120K, reserved 1056768K
  class space    used 255K, capacity 447K, committed 512K, reserved 1048576K
}
Event: 138.056 GC heap before
{Heap before GC invocations=2032 (full 0):
 garbage-first heap   total 110592K, used 46398K [0x0000000601400000, 0x0000000800000000)
  region size 2048K, 2 young (4096K), 1 survivors (2048K)
 Metaspace       used 2836K, capacity 4923K, committed 5120K, reserved 1056768K
  class space    used 255K, capacity 447K, committed 512K, reserved 1048576K
}
Event: 138.057 GC heap after
{Heap after GC invocations=2033 (full 0):
 garbage-first heap   total 110592K, used 5438K [0x0000000601400000, 0x0000000800000000)
  region size 2048K, 1 young (2048K), 1 survivors (2048K)
 Metaspace       used 2836K, capacity 4923K, committed 5120K, reserved 1056768K
  class space    used 255K, capacity 447K, committed 512K, reserved 1048576K
}
Event: 138.062 GC heap before
{Heap before GC invocations=2034 (full 0):
 garbage-first heap   total 110592K, used 48446K [0x0000000601400000, 0x0000000800000000)
  region size 2048K, 2 young (4096K), 1 survivors (2048K)
 Metaspace       used 2836K, capacity 4923K, committed 5120K, reserved 1056768K
  class space    used 255K, capacity 447K, committed 512K, reserved 1048576K
}
Event: 138.111 GC heap after
{Heap after GC invocations=2035 (full 0):
 garbage-first heap   total 317440K, used 3390K [0x0000000601400000, 0x0000000800000000)
  region size 2048K, 1 young (2048K), 1 survivors (2048K)
 Metaspace       used 2836K, capacity 4923K, committed 5120K, reserved 1056768K
  class space    used 255K, capacity 447K, committed 512K, reserved 1048576K
}
Event: 138.117 GC heap before
{Heap before GC invocations=2036 (full 0):
 garbage-first heap   total 151552K, used 64830K [0x0000000601400000, 0x0000000800000000)
  region size 2048K, 2 young (4096K), 1 survivors (2048K)
 Metaspace       used 2836K, capacity 4923K, committed 5120K, reserved 1056768K
  class space    used 255K, capacity 447K, committed 512K, reserved 1048576K
}
Event: 138.118 GC heap after
{Heap after GC invocations=2037 (full 0):
 garbage-first heap   total 151552K, used 3390K [0x0000000601400000, 0x0000000800000000)
  region size 2048K, 1 young (2048K), 1 survivors (2048K)
 Metaspace       used 2836K, capacity 4923K, committed 5120K, reserved 1056768K
  class space    used 255K, capacity 447K, committed 512K, reserved 1048576K
}
Event: 138.125 GC heap before
{Heap before GC invocations=2038 (full 0):
 garbage-first heap   total 137216K, used 58686K [0x0000000601400000, 0x0000000800000000)
  region size 2048K, 2 young (4096K), 1 survivors (2048K)
 Metaspace       used 2836K, capacity 4923K, committed 5120K, reserved 1056768K
  class space    used 255K, capacity 447K, committed 512K, reserved 1048576K
}
Event: 138.125 GC heap after
{Heap after GC invocations=2039 (full 0):
 garbage-first heap   total 137216K, used 5438K [0x0000000601400000, 0x0000000800000000)
  region size 2048K, 1 young (2048K), 1 survivors (2048K)
 Metaspace       used 2836K, capacity 4923K, committed 5120K, reserved 1056768K
  class space    used 255K, capacity 447K, committed 512K, reserved 1048576K
}
Event: 138.132 GC heap before
{Heap before GC invocations=2040 (full 0):
 garbage-first heap   total 137216K, used 60734K [0x0000000601400000, 0x0000000800000000)
  region size 2048K, 2 young (4096K), 1 survivors (2048K)
 Metaspace       used 2836K, capacity 4923K, committed 5120K, reserved 1056768K
  class space    used 255K, capacity 447K, committed 512K, reserved 1048576K
}
Event: 138.132 GC heap after
{Heap after GC invocations=2041 (full 0):
 garbage-first heap   total 137216K, used 3390K [0x0000000601400000, 0x0000000800000000)
  region size 2048K, 1 young (2048K), 1 survivors (2048K)
 Metaspace       used 2836K, capacity 4923K, committed 5120K, reserved 1056768K
  class space    used 255K, capacity 447K, committed 512K, reserved 1048576K
}
Event: 138.140 GC heap before
{Heap before GC invocations=2042 (full 0):
 garbage-first heap   total 131072K, used 56638K [0x0000000601400000, 0x0000000800000000)
  region size 2048K, 2 young (4096K), 1 survivors (2048K)
 Metaspace       used 2836K, capacity 4923K, committed 5120K, reserved 1056768K
  class space    used 255K, capacity 447K, committed 512K, reserved 1048576K
}

